2026-01-08 13:56:27,498 - INFO - Starting PARALLEL clients sweep experiment...
2026-01-08 13:56:27,498 - INFO - Testing n values: [50, 100, 150, 200, 250, 300]
2026-01-08 13:56:27,498 - INFO - max_workers = 4
2026-01-08 13:56:27,498 - INFO - 
============================================================
2026-01-08 13:56:27,498 - INFO - Processing n = 50
2026-01-08 13:56:27,498 - INFO - ============================================================
2026-01-08 14:04:31,076 - INFO - n=50: Mean fitness = 0.7204 ± 0.0310 | Coverage=34.58 | Connectivity=52.44
2026-01-08 14:04:31,076 - INFO - 
============================================================
2026-01-08 14:04:31,076 - INFO - Processing n = 100
2026-01-08 14:04:31,076 - INFO - ============================================================
2026-01-08 14:16:48,623 - INFO - n=100: Mean fitness = 0.6495 ± 0.0260 | Coverage=62.26 | Connectivity=81.16
2026-01-08 14:16:48,623 - INFO - 
============================================================
2026-01-08 14:16:48,623 - INFO - Processing n = 150
2026-01-08 14:16:48,623 - INFO - ============================================================
2026-01-08 14:34:04,367 - INFO - n=150: Mean fitness = 0.6466 ± 0.0219 | Coverage=94.30 | Connectivity=112.98
2026-01-08 14:34:04,367 - INFO - 
============================================================
2026-01-08 14:34:04,367 - INFO - Processing n = 200
2026-01-08 14:34:04,367 - INFO - ============================================================
2026-01-08 14:55:45,660 - INFO - n=200: Mean fitness = 0.6106 ± 0.0187 | Coverage=119.20 | Connectivity=137.56
2026-01-08 14:55:45,660 - INFO - 
============================================================
2026-01-08 14:55:45,660 - INFO - Processing n = 250
2026-01-08 14:55:45,660 - INFO - ============================================================
2026-01-08 15:21:22,099 - INFO - n=250: Mean fitness = 0.5875 ± 0.0214 | Coverage=144.04 | Connectivity=161.66
2026-01-08 15:21:22,099 - INFO - 
============================================================
2026-01-08 15:21:22,099 - INFO - Processing n = 300
2026-01-08 15:21:22,099 - INFO - ============================================================
2026-01-08 15:51:18,763 - INFO - n=300: Mean fitness = 0.5754 ± 0.0149 | Coverage=169.58 | Connectivity=187.38
2026-01-08 15:51:19,911 - INFO - 
Experiment completed!
2026-01-08 15:51:19,911 - INFO - Results saved to:
2026-01-08 15:51:19,911 - INFO -   - results/tables/table7_clients_sweep_parallel.csv
2026-01-08 15:51:19,911 - INFO -   - results/figures/fig14_clients_sweep_parallel.png
2026-01-08 15:51:19,911 - INFO -   - results/logs/clients_sweep_parallel.log
2026-01-09 21:06:41,936 - INFO - Starting PARALLEL clients sweep experiment...
2026-01-09 21:06:41,936 - INFO - Testing n values: [50, 100, 150, 200, 250, 300]
2026-01-09 21:06:41,936 - INFO - max_workers = 4
2026-01-09 21:06:41,936 - INFO - 
============================================================
2026-01-09 21:06:41,936 - INFO - Processing n = 50
2026-01-09 21:06:41,936 - INFO - ============================================================
2026-01-09 21:07:55,920 - INFO -   Completed 10/50 runs
2026-01-09 21:08:47,389 - INFO -   Completed 20/50 runs
2026-01-09 21:09:59,068 - INFO -   Completed 30/50 runs
2026-01-09 21:10:54,380 - INFO -   Completed 40/50 runs
2026-01-09 21:12:02,559 - INFO -   Completed 50/50 runs
2026-01-09 21:12:02,806 - INFO - n=50: Mean fitness = 0.9124 ± 0.0282 | Coverage=45.14 | Connectivity=64.54
2026-01-09 21:12:02,806 - INFO - 
============================================================
2026-01-09 21:12:02,806 - INFO - Processing n = 100
2026-01-09 21:12:02,806 - INFO - ============================================================
2026-01-09 21:14:02,222 - INFO -   Completed 10/50 runs
2026-01-09 21:15:23,049 - INFO -   Completed 20/50 runs
2026-01-09 21:17:18,206 - INFO -   Completed 30/50 runs
2026-01-09 21:18:40,045 - INFO -   Completed 40/50 runs
2026-01-09 21:20:30,509 - INFO -   Completed 50/50 runs
2026-01-09 21:20:30,741 - INFO - n=100: Mean fitness = 0.8218 ± 0.0211 | Coverage=80.56 | Connectivity=100.56
2026-01-09 21:20:30,742 - INFO - 
============================================================
2026-01-09 21:20:30,742 - INFO - Processing n = 150
2026-01-09 21:20:30,742 - INFO - ============================================================
2026-01-09 21:23:13,646 - INFO -   Completed 10/50 runs
2026-01-09 21:25:01,461 - INFO -   Completed 20/50 runs
2026-01-09 21:27:40,238 - INFO -   Completed 30/50 runs
2026-01-09 21:29:29,394 - INFO -   Completed 40/50 runs
2026-01-09 21:32:04,344 - INFO -   Completed 50/50 runs
2026-01-09 21:32:04,572 - INFO - n=150: Mean fitness = 0.8245 ± 0.0223 | Coverage=122.14 | Connectivity=141.90
2026-01-09 21:32:04,573 - INFO - 
============================================================
2026-01-09 21:32:04,573 - INFO - Processing n = 200
2026-01-09 21:32:04,573 - INFO - ============================================================
2026-01-09 21:35:29,580 - INFO -   Completed 10/50 runs
2026-01-09 21:37:48,919 - INFO -   Completed 20/50 runs
2026-01-09 21:41:09,598 - INFO -   Completed 30/50 runs
2026-01-09 21:43:27,512 - INFO -   Completed 40/50 runs
2026-01-09 21:46:44,602 - INFO -   Completed 50/50 runs
2026-01-09 21:46:44,830 - INFO - n=200: Mean fitness = 0.7764 ± 0.0200 | Coverage=153.16 | Connectivity=173.16
2026-01-09 21:46:44,831 - INFO - 
============================================================
2026-01-09 21:46:44,831 - INFO - Processing n = 250
2026-01-09 21:46:44,831 - INFO - ============================================================
2026-01-09 21:50:56,977 - INFO -   Completed 10/50 runs
2026-01-09 21:53:46,823 - INFO -   Completed 20/50 runs
2026-01-09 21:57:54,270 - INFO -   Completed 30/50 runs
2026-01-09 22:00:45,710 - INFO -   Completed 40/50 runs
2026-01-09 22:04:45,740 - INFO -   Completed 50/50 runs
2026-01-09 22:04:45,908 - INFO - n=250: Mean fitness = 0.7557 ± 0.0224 | Coverage=186.80 | Connectivity=206.34
2026-01-09 22:04:45,908 - INFO - 
============================================================
2026-01-09 22:04:45,909 - INFO - Processing n = 300
2026-01-09 22:04:45,909 - INFO - ============================================================
2026-01-09 22:09:39,745 - INFO -   Completed 10/50 runs
2026-01-09 22:12:57,755 - INFO -   Completed 20/50 runs
2026-01-09 22:17:46,054 - INFO -   Completed 30/50 runs
2026-01-09 22:21:02,208 - INFO -   Completed 40/50 runs
2026-01-09 22:25:35,367 - INFO -   Completed 50/50 runs
2026-01-09 22:25:35,537 - INFO - n=300: Mean fitness = 0.7371 ± 0.0152 | Coverage=218.84 | Connectivity=238.32
2026-01-09 22:25:36,014 - INFO - 
Experiment completed!
2026-01-09 22:25:36,014 - INFO - Results saved to:
2026-01-09 22:25:36,015 - INFO -   - results/tables/table7_clients_sweep_coa.csv
2026-01-09 22:25:36,015 - INFO -   - results/figures/fig14_clients_sweep_coa.png
2026-01-09 22:25:36,015 - INFO -   - results/logs/clients_sweep_parallel.log
