2026-01-09 23:47:39,229 - INFO - Starting PARALLEL coverage radius sweep experiment...
2026-01-09 23:47:39,230 - INFO - Testing CR values: [50, 100, 150, 200, 250, 300, 350, 400]
2026-01-09 23:47:39,230 - INFO - max_workers = 4
2026-01-09 23:47:39,230 - INFO - 
============================================================
2026-01-09 23:47:39,231 - INFO - Processing CR = 50
2026-01-09 23:47:39,231 - INFO - ============================================================
2026-01-09 23:49:38,666 - INFO -   Completed 10/50 runs
2026-01-09 23:50:56,043 - INFO -   Completed 20/50 runs
2026-01-09 23:52:53,765 - INFO -   Completed 30/50 runs
2026-01-09 23:54:15,838 - INFO -   Completed 40/50 runs
2026-01-09 23:56:08,998 - INFO -   Completed 50/50 runs
2026-01-09 23:56:09,223 - INFO - CR=50: Mean fitness = 0.1947 ± 0.0108
2026-01-09 23:56:09,224 - INFO - 
============================================================
2026-01-09 23:56:09,224 - INFO - Processing CR = 100
2026-01-09 23:56:09,224 - INFO - ============================================================
2026-01-09 23:58:07,620 - INFO -   Completed 10/50 runs
2026-01-09 23:59:28,549 - INFO -   Completed 20/50 runs
2026-01-10 00:01:27,333 - INFO -   Completed 30/50 runs
2026-01-10 00:02:52,144 - INFO -   Completed 40/50 runs
2026-01-10 00:04:46,723 - INFO -   Completed 50/50 runs
2026-01-10 00:04:46,894 - INFO - CR=100: Mean fitness = 0.3529 ± 0.0172
2026-01-10 00:04:46,894 - INFO - 
============================================================
2026-01-10 00:04:46,895 - INFO - Processing CR = 150
2026-01-10 00:04:46,895 - INFO - ============================================================
2026-01-10 00:06:48,718 - INFO -   Completed 10/50 runs
2026-01-10 00:08:10,964 - INFO -   Completed 20/50 runs
2026-01-10 00:10:10,162 - INFO -   Completed 30/50 runs
2026-01-10 00:11:33,870 - INFO -   Completed 40/50 runs
2026-01-10 00:13:27,179 - INFO -   Completed 50/50 runs
2026-01-10 00:13:27,347 - INFO - CR=150: Mean fitness = 0.5794 ± 0.0250
2026-01-10 00:13:27,347 - INFO - 
============================================================
2026-01-10 00:13:27,348 - INFO - Processing CR = 200
2026-01-10 00:13:27,349 - INFO - ============================================================
2026-01-10 00:15:29,854 - INFO -   Completed 10/50 runs
2026-01-10 00:16:52,975 - INFO -   Completed 20/50 runs
2026-01-10 00:18:48,158 - INFO -   Completed 30/50 runs
2026-01-10 00:20:12,836 - INFO -   Completed 40/50 runs
2026-01-10 00:22:01,630 - INFO -   Completed 50/50 runs
2026-01-10 00:22:01,789 - INFO - CR=200: Mean fitness = 0.8218 ± 0.0211
2026-01-10 00:22:01,789 - INFO - 
============================================================
2026-01-10 00:22:01,790 - INFO - Processing CR = 250
2026-01-10 00:22:01,790 - INFO - ============================================================
2026-01-10 00:24:02,686 - INFO -   Completed 10/50 runs
2026-01-10 00:25:22,910 - INFO -   Completed 20/50 runs
2026-01-10 00:27:20,001 - INFO -   Completed 30/50 runs
2026-01-10 00:28:41,355 - INFO -   Completed 40/50 runs
2026-01-10 00:30:36,696 - INFO -   Completed 50/50 runs
2026-01-10 00:30:36,861 - INFO - CR=250: Mean fitness = 0.9811 ± 0.0130
2026-01-10 00:30:36,862 - INFO - 
============================================================
2026-01-10 00:30:36,862 - INFO - Processing CR = 300
2026-01-10 00:30:36,862 - INFO - ============================================================
2026-01-10 00:32:36,293 - INFO -   Completed 10/50 runs
2026-01-10 00:33:56,624 - INFO -   Completed 20/50 runs
2026-01-10 00:35:55,504 - INFO -   Completed 30/50 runs
2026-01-10 00:37:16,371 - INFO -   Completed 40/50 runs
2026-01-10 00:39:09,955 - INFO -   Completed 50/50 runs
2026-01-10 00:39:10,112 - INFO - CR=300: Mean fitness = 1.0000 ± 0.0000
2026-01-10 00:39:10,112 - INFO - 
============================================================
2026-01-10 00:39:10,112 - INFO - Processing CR = 350
2026-01-10 00:39:10,112 - INFO - ============================================================
2026-01-10 00:41:10,470 - INFO -   Completed 10/50 runs
2026-01-10 00:42:32,001 - INFO -   Completed 20/50 runs
2026-01-10 00:44:30,869 - INFO -   Completed 30/50 runs
2026-01-10 00:45:53,360 - INFO -   Completed 40/50 runs
2026-01-10 00:47:48,705 - INFO -   Completed 50/50 runs
2026-01-10 00:47:48,890 - INFO - CR=350: Mean fitness = 1.0000 ± 0.0000
2026-01-10 00:47:48,890 - INFO - 
============================================================
2026-01-10 00:47:48,890 - INFO - Processing CR = 400
2026-01-10 00:47:48,890 - INFO - ============================================================
2026-01-10 00:49:49,915 - INFO -   Completed 10/50 runs
2026-01-10 00:51:10,941 - INFO -   Completed 20/50 runs
2026-01-10 00:53:09,595 - INFO -   Completed 30/50 runs
2026-01-10 00:54:32,049 - INFO -   Completed 40/50 runs
2026-01-10 00:56:27,236 - INFO -   Completed 50/50 runs
2026-01-10 00:56:27,406 - INFO - CR=400: Mean fitness = 1.0000 ± 0.0000
2026-01-10 00:56:27,912 - INFO - 
Experiment completed!
2026-01-10 00:56:27,913 - INFO - Results saved to:
2026-01-10 00:56:27,913 - INFO -   - results/tables/table9_radius_sweep_coa.csv
2026-01-10 00:56:27,913 - INFO -   - results/figures/fig16_radius_sweep_coa.png
2026-01-10 00:56:27,913 - INFO -   - results/logs/radius_sweep_parallel.log
