2026-01-09 22:30:04,967 - INFO - Starting PARALLEL routers sweep experiment...
2026-01-09 22:30:04,967 - INFO - Testing m values: [5, 10, 15, 20, 25, 30, 35, 40]
2026-01-09 22:30:04,969 - INFO - max_workers = 4
2026-01-09 22:30:04,969 - INFO - 
============================================================
2026-01-09 22:30:04,969 - INFO - Processing m = 5
2026-01-09 22:30:04,969 - INFO - ============================================================
2026-01-09 22:30:55,364 - INFO -   Completed 10/50 runs
2026-01-09 22:31:31,050 - INFO -   Completed 20/50 runs
2026-01-09 22:32:20,203 - INFO -   Completed 30/50 runs
2026-01-09 22:32:59,082 - INFO -   Completed 40/50 runs
2026-01-09 22:33:44,932 - INFO -   Completed 50/50 runs
2026-01-09 22:33:45,274 - INFO - m=5: Mean fitness = 0.2862 ± 0.0121 | Coverage=28.66 | Connectivity=30.00
2026-01-09 22:33:45,274 - INFO - 
============================================================
2026-01-09 22:33:45,274 - INFO - Processing m = 10
2026-01-09 22:33:45,274 - INFO - ============================================================
2026-01-09 22:34:58,936 - INFO -   Completed 10/50 runs
2026-01-09 22:35:47,451 - INFO -   Completed 20/50 runs
2026-01-09 22:36:59,955 - INFO -   Completed 30/50 runs
2026-01-09 22:37:48,909 - INFO -   Completed 40/50 runs
2026-01-09 22:39:00,266 - INFO -   Completed 50/50 runs
2026-01-09 22:39:00,498 - INFO - m=10: Mean fitness = 0.4937 ± 0.0188 | Coverage=48.50 | Connectivity=55.26
2026-01-09 22:39:00,498 - INFO - 
============================================================
2026-01-09 22:39:00,498 - INFO - Processing m = 15
2026-01-09 22:39:00,498 - INFO - ============================================================
2026-01-09 22:40:37,435 - INFO -   Completed 10/50 runs
2026-01-09 22:41:43,144 - INFO -   Completed 20/50 runs
2026-01-09 22:43:18,239 - INFO -   Completed 30/50 runs
2026-01-09 22:44:23,962 - INFO -   Completed 40/50 runs
2026-01-09 22:45:53,958 - INFO -   Completed 50/50 runs
2026-01-09 22:45:54,194 - INFO - m=15: Mean fitness = 0.6835 ± 0.0200 | Coverage=66.18 | Connectivity=81.10
2026-01-09 22:45:54,195 - INFO - 
============================================================
2026-01-09 22:45:54,195 - INFO - Processing m = 20
2026-01-09 22:45:54,195 - INFO - ============================================================
2026-01-09 22:47:53,992 - INFO -   Completed 10/50 runs
2026-01-09 22:49:14,726 - INFO -   Completed 20/50 runs
2026-01-09 22:51:13,295 - INFO -   Completed 30/50 runs
2026-01-09 22:52:36,811 - INFO -   Completed 40/50 runs
2026-01-09 22:54:29,032 - INFO -   Completed 50/50 runs
2026-01-09 22:54:29,270 - INFO - m=20: Mean fitness = 0.8218 ± 0.0211 | Coverage=80.56 | Connectivity=100.56
2026-01-09 22:54:29,270 - INFO - 
============================================================
2026-01-09 22:54:29,270 - INFO - Processing m = 25
2026-01-09 22:54:29,271 - INFO - ============================================================
2026-01-09 22:56:52,764 - INFO -   Completed 10/50 runs
2026-01-09 22:58:29,101 - INFO -   Completed 20/50 runs
2026-01-09 23:00:51,294 - INFO -   Completed 30/50 runs
2026-01-09 23:02:29,698 - INFO -   Completed 40/50 runs
2026-01-09 23:04:45,200 - INFO -   Completed 50/50 runs
2026-01-09 23:04:45,430 - INFO - m=25: Mean fitness = 0.9336 ± 0.0217 | Coverage=92.62 | Connectivity=117.62
2026-01-09 23:04:45,431 - INFO - 
============================================================
2026-01-09 23:04:45,431 - INFO - Processing m = 30
2026-01-09 23:04:45,431 - INFO - ============================================================
2026-01-09 23:07:33,426 - INFO -   Completed 10/50 runs
2026-01-09 23:09:28,236 - INFO -   Completed 20/50 runs
2026-01-09 23:12:13,287 - INFO -   Completed 30/50 runs
2026-01-09 23:14:09,097 - INFO -   Completed 40/50 runs
2026-01-09 23:16:48,630 - INFO -   Completed 50/50 runs
2026-01-09 23:16:48,865 - INFO - m=30: Mean fitness = 0.9827 ± 0.0135 | Coverage=98.08 | Connectivity=128.00
2026-01-09 23:16:48,866 - INFO - 
============================================================
2026-01-09 23:16:48,866 - INFO - Processing m = 35
2026-01-09 23:16:48,866 - INFO - ============================================================
2026-01-09 23:20:02,575 - INFO -   Completed 10/50 runs
2026-01-09 23:22:11,536 - INFO -   Completed 20/50 runs
2026-01-09 23:25:24,829 - INFO -   Completed 30/50 runs
2026-01-09 23:27:36,003 - INFO -   Completed 40/50 runs
2026-01-09 23:30:43,787 - INFO -   Completed 50/50 runs
2026-01-09 23:30:44,023 - INFO - m=35: Mean fitness = 0.9988 ± 0.0035 | Coverage=99.86 | Connectivity=134.86
2026-01-09 23:30:44,023 - INFO - 
============================================================
2026-01-09 23:30:44,024 - INFO - Processing m = 40
2026-01-09 23:30:44,024 - INFO - ============================================================
2026-01-09 23:34:27,202 - INFO -   Completed 10/50 runs
2026-01-09 23:36:57,179 - INFO -   Completed 20/50 runs
2026-01-09 23:40:35,932 - INFO -   Completed 30/50 runs
2026-01-09 23:43:08,839 - INFO -   Completed 40/50 runs
2026-01-09 23:46:40,777 - INFO -   Completed 50/50 runs
2026-01-09 23:46:41,008 - INFO - m=40: Mean fitness = 1.0000 ± 0.0000 | Coverage=100.00 | Connectivity=140.00
2026-01-09 23:46:41,517 - INFO - 
Experiment completed!
2026-01-09 23:46:41,517 - INFO - Results saved to:
2026-01-09 23:46:41,517 - INFO -   - results/tables/table8_routers_sweep_coa.csv
2026-01-09 23:46:41,518 - INFO -   - results/figures/fig15_routers_sweep_coa.png
2026-01-09 23:46:41,518 - INFO -   - results/logs/routers_sweep_parallel.log
