2026-01-07 20:43:23,506 - INFO - ================================================================================
2026-01-07 20:43:23,506 - INFO - Running all experiments for COA WMN placement
2026-01-07 20:43:23,506 - INFO - ================================================================================
2026-01-07 20:43:23,507 - INFO - 
================================================================================
2026-01-07 20:43:23,507 - INFO - Running: run_placement.py - Placement plot (Figure 3)
2026-01-07 20:43:23,507 - INFO - ================================================================================

2026-01-07 20:43:24,062 - INFO - Running single placement optimization...
2026-01-07 20:43:24,062 - INFO - Configuration: W=2000, H=2000, m=20, n=50, CR=200
2026-01-07 20:43:55,088 - INFO - Best fitness: 0.700000
2026-01-07 20:43:55,089 - INFO - Coverage: 35/50 (70.00%)
2026-01-07 20:43:55,089 - INFO - Connectivity: 49/70 (70.00%)
2026-01-07 20:43:55,721 - INFO - Placement plot saved to results/figures/fig_placement_coa.png
2026-01-07 20:43:55,761 - INFO - 
================================================================================
2026-01-07 20:43:55,762 - INFO - Running: run_clients_sweep.py - Clients sweep (Table 7, Figure 14)
2026-01-07 20:43:55,762 - INFO - ================================================================================

2026-01-07 20:43:56,087 - INFO - Starting clients sweep experiment...
2026-01-07 20:43:56,087 - INFO - Testing n values: [50, 100, 150, 200, 250, 300]
2026-01-07 20:43:56,087 - INFO - 
============================================================
2026-01-07 20:43:56,087 - INFO - Processing n = 50
2026-01-07 20:43:56,087 - INFO - ============================================================
2026-01-07 20:49:02,012 - INFO - Completed 10/50 runs
2026-01-07 20:54:04,611 - INFO - Completed 20/50 runs
2026-01-07 20:59:00,538 - INFO - Completed 30/50 runs
2026-01-07 21:03:57,818 - INFO - Completed 40/50 runs
2026-01-07 21:08:52,298 - INFO - Completed 50/50 runs
2026-01-07 21:08:52,299 - INFO - n=50: Mean fitness = 0.7151 ± 0.0287
2026-01-07 21:08:52,299 - INFO - 
============================================================
2026-01-07 21:08:52,299 - INFO - Processing n = 100
2026-01-07 21:08:52,299 - INFO - ============================================================
2026-01-07 21:16:32,319 - INFO - Completed 10/50 runs
2026-01-07 21:24:15,482 - INFO - Completed 20/50 runs
2026-01-07 21:32:16,686 - INFO - Completed 30/50 runs
2026-01-07 21:39:58,704 - INFO - Completed 40/50 runs
2026-01-07 21:47:33,888 - INFO - Completed 50/50 runs
2026-01-07 21:47:33,889 - INFO - n=100: Mean fitness = 0.6477 ± 0.0269
2026-01-07 21:47:33,889 - INFO - 
============================================================
2026-01-07 21:47:33,889 - INFO - Processing n = 150
2026-01-07 21:47:33,890 - INFO - ============================================================
2026-01-07 21:57:37,053 - INFO - Completed 10/50 runs
2026-01-07 22:07:41,012 - INFO - Completed 20/50 runs
2026-01-07 22:17:42,040 - INFO - Completed 30/50 runs
2026-01-07 22:27:48,630 - INFO - Completed 40/50 runs
2026-01-07 22:38:05,226 - INFO - Completed 50/50 runs
2026-01-07 22:38:05,227 - INFO - n=150: Mean fitness = 0.6417 ± 0.0213
2026-01-07 22:38:05,227 - INFO - 
============================================================
2026-01-07 22:38:05,227 - INFO - Processing n = 200
2026-01-07 22:38:05,228 - INFO - ============================================================
2026-01-07 22:50:54,844 - INFO - Completed 10/50 runs
2026-01-07 23:03:40,229 - INFO - Completed 20/50 runs
2026-01-07 23:16:34,341 - INFO - Completed 30/50 runs
2026-01-07 23:29:17,762 - INFO - Completed 40/50 runs
2026-01-07 23:42:07,076 - INFO - Completed 50/50 runs
2026-01-07 23:42:07,076 - INFO - n=200: Mean fitness = 0.6016 ± 0.0198
2026-01-07 23:42:07,091 - INFO - 
============================================================
2026-01-07 23:42:07,092 - INFO - Processing n = 250
2026-01-07 23:42:07,092 - INFO - ============================================================
2026-01-07 23:57:35,013 - INFO - Completed 10/50 runs
2026-01-08 00:13:07,022 - INFO - Completed 20/50 runs
2026-01-08 00:28:48,879 - INFO - Completed 30/50 runs
2026-01-08 00:44:24,765 - INFO - Completed 40/50 runs
2026-01-08 00:59:54,591 - INFO - Completed 50/50 runs
2026-01-08 00:59:54,591 - INFO - n=250: Mean fitness = 0.5848 ± 0.0213
2026-01-08 00:59:54,591 - INFO - 
============================================================
2026-01-08 00:59:54,592 - INFO - Processing n = 300
2026-01-08 00:59:54,592 - INFO - ============================================================
2026-01-08 01:17:53,603 - INFO - Completed 10/50 runs
2026-01-08 01:35:51,281 - INFO - Completed 20/50 runs
2026-01-08 01:53:46,985 - INFO - Completed 30/50 runs
2026-01-08 02:11:56,496 - INFO - Completed 40/50 runs
2026-01-08 02:30:07,007 - INFO - Completed 50/50 runs
2026-01-08 02:30:07,009 - INFO - n=300: Mean fitness = 0.5744 ± 0.0191
2026-01-08 02:30:07,384 - INFO - 
Experiment completed!
2026-01-08 02:30:07,384 - INFO - Results saved to:
2026-01-08 02:30:07,384 - INFO -   - results/tables/table7_clients_sweep.csv
2026-01-08 02:30:07,384 - INFO -   - results/figures/fig14_clients_sweep.png
2026-01-08 02:30:07,388 - INFO - 
================================================================================
2026-01-08 02:30:07,388 - INFO - Running: run_routers_sweep.py - Routers sweep (Table 8, Figure 15)
2026-01-08 02:30:07,388 - INFO - ================================================================================

2026-01-08 02:30:07,395 - INFO - Starting routers sweep experiment...
2026-01-08 02:30:07,396 - INFO - Testing m values: [5, 10, 15, 20, 25, 30, 35, 40]
2026-01-08 02:30:07,396 - INFO - 
============================================================
2026-01-08 02:30:07,396 - INFO - Processing m = 5
2026-01-08 02:30:07,396 - INFO - ============================================================
2026-01-08 02:32:34,192 - INFO - Completed 10/50 runs
2026-01-08 02:35:03,414 - INFO - Completed 20/50 runs
2026-01-08 02:37:32,126 - INFO - Completed 30/50 runs
2026-01-08 02:40:00,474 - INFO - Completed 40/50 runs
2026-01-08 02:42:25,791 - INFO - Completed 50/50 runs
2026-01-08 02:42:25,792 - INFO - m=5: Mean fitness = 0.3522 ± 0.0170
2026-01-08 02:42:25,792 - INFO - 
============================================================
2026-01-08 02:42:25,792 - INFO - Processing m = 10
2026-01-08 02:42:25,793 - INFO - ============================================================
2026-01-08 02:45:38,738 - INFO - Completed 10/50 runs
2026-01-08 02:48:53,178 - INFO - Completed 20/50 runs
2026-01-08 02:52:07,203 - INFO - Completed 30/50 runs
2026-01-08 02:55:20,017 - INFO - Completed 40/50 runs
2026-01-08 02:58:34,094 - INFO - Completed 50/50 runs
2026-01-08 02:58:34,095 - INFO - m=10: Mean fitness = 0.5047 ± 0.0242
2026-01-08 02:58:34,095 - INFO - 
============================================================
2026-01-08 02:58:34,095 - INFO - Processing m = 15
2026-01-08 02:58:34,095 - INFO - ============================================================
2026-01-08 03:02:36,355 - INFO - Completed 10/50 runs
2026-01-08 03:06:44,232 - INFO - Completed 20/50 runs
2026-01-08 03:10:53,763 - INFO - Completed 30/50 runs
2026-01-08 03:14:52,486 - INFO - Completed 40/50 runs
2026-01-08 03:18:57,599 - INFO - Completed 50/50 runs
2026-01-08 03:18:57,599 - INFO - m=15: Mean fitness = 0.6198 ± 0.0283
2026-01-08 03:18:57,599 - INFO - 
============================================================
2026-01-08 03:18:57,599 - INFO - Processing m = 20
2026-01-08 03:18:57,599 - INFO - ============================================================
2026-01-08 03:23:51,398 - INFO - Completed 10/50 runs
2026-01-08 03:28:46,437 - INFO - Completed 20/50 runs
2026-01-08 03:33:40,462 - INFO - Completed 30/50 runs
2026-01-08 03:38:33,127 - INFO - Completed 40/50 runs
2026-01-08 03:43:26,727 - INFO - Completed 50/50 runs
2026-01-08 03:43:26,728 - INFO - m=20: Mean fitness = 0.7151 ± 0.0287
2026-01-08 03:43:26,728 - INFO - 
============================================================
2026-01-08 03:43:26,728 - INFO - Processing m = 25
2026-01-08 03:43:26,728 - INFO - ============================================================
2026-01-08 03:49:09,448 - INFO - Completed 10/50 runs
2026-01-08 03:54:47,828 - INFO - Completed 20/50 runs
2026-01-08 04:00:26,133 - INFO - Completed 30/50 runs
2026-01-08 04:06:10,180 - INFO - Completed 40/50 runs
2026-01-08 04:11:45,536 - INFO - Completed 50/50 runs
2026-01-08 04:11:45,537 - INFO - m=25: Mean fitness = 0.8016 ± 0.0241
2026-01-08 04:11:45,538 - INFO - 
============================================================
2026-01-08 04:11:45,538 - INFO - Processing m = 30
2026-01-08 04:11:45,538 - INFO - ============================================================
2026-01-08 04:18:27,255 - INFO - Completed 10/50 runs
2026-01-08 04:25:07,039 - INFO - Completed 20/50 runs
2026-01-08 04:31:47,884 - INFO - Completed 30/50 runs
2026-01-08 04:38:25,693 - INFO - Completed 40/50 runs
2026-01-08 04:45:04,472 - INFO - Completed 50/50 runs
2026-01-08 04:45:04,473 - INFO - m=30: Mean fitness = 0.8705 ± 0.0229
2026-01-08 04:45:04,473 - INFO - 
============================================================
2026-01-08 04:45:04,473 - INFO - Processing m = 35
2026-01-08 04:45:04,474 - INFO - ============================================================
2026-01-08 04:52:46,653 - INFO - Completed 10/50 runs
2026-01-08 05:00:28,306 - INFO - Completed 20/50 runs
2026-01-08 05:08:04,855 - INFO - Completed 30/50 runs
2026-01-08 05:15:41,442 - INFO - Completed 40/50 runs
